<?xml version="1.0" encoding="UTF-8"?>
<!-- Generated by org.testng.reporters.JUnitXMLReporter -->
<testsuite ignored="0" hostname="MainUser" failures="0" tests="3" name="Default test" time="0.229" errors="0" timestamp="2024-10-01T15:47:14 IST">
  <testcase classname="DataProvider.Dataprovidertest" name="bookTicketTest" time="0.024"/>
  <testcase classname="DataProvider.Dataprovidertest" name="bookTicketTest" time="0.005"/>
  <testcase classname="DataProvider.Dataprovidertest" name="bookTicketTest" time="0.003"/>
</testsuite> <!-- Default test -->
