<?xml version="1.0" encoding="UTF-8"?>
<!-- Generated by org.testng.reporters.JUnitXMLReporter -->
<testsuite ignored="0" hostname="MainUser" failures="0" tests="8" name="Test" time="0.136" errors="0" timestamp="2024-08-27T15:30:44 IST">
  <testcase classname="distributedParallel.Test4" name="demo1" time="0.01"/>
  <testcase classname="distributedParallel.Test4" name="demo2" time="0.005"/>
  <testcase classname="distributedParallel.Test3" name="demo1" time="0.004"/>
  <testcase classname="distributedParallel.Test3" name="demo2" time="0.003"/>
  <testcase classname="distributedParallel.Test2" name="demo1" time="0.003"/>
  <testcase classname="distributedParallel.Test2" name="demo2" time="0.002"/>
  <testcase classname="distributedParallel.Test1" name="demo1" time="0.002"/>
  <testcase classname="distributedParallel.Test1" name="demo2" time="0.001"/>
</testsuite> <!-- Test -->
