<?xml version="1.0" encoding="UTF-8"?>
<!-- Generated by org.testng.reporters.JUnitXMLReporter -->
<testsuite ignored="0" hostname="MainUser" failures="0" tests="6" name="Test runner2" time="0.155" errors="0" timestamp="2024-08-28T16:07:52 IST">
  <testcase classname="distributedParallel.Test6" name="demo1" time="0.013"/>
  <testcase classname="distributedParallel.Test6" name="demo2" time="0.011"/>
  <testcase classname="distributedParallel.Test5" name="demo1" time="0.003"/>
  <testcase classname="distributedParallel.Test5" name="demo2" time="0.004"/>
  <testcase classname="distributedParallel.Test4" name="demo1" time="0.004"/>
  <testcase classname="distributedParallel.Test4" name="demo2" time="0.007"/>
</testsuite> <!-- Test runner2 -->
