<?xml version="1.0" encoding="UTF-8"?>
<!-- Generated by org.testng.reporters.JUnitXMLReporter -->
<testsuite ignored="0" hostname="MainUser" failures="0" tests="6" name="Test runner1" time="0.165" errors="0" timestamp="2024-08-28T16:07:52 IST">
  <testcase classname="distributedParallel.Test3" name="demo1" time="0.013"/>
  <testcase classname="distributedParallel.Test3" name="demo2" time="0.003"/>
  <testcase classname="distributedParallel.Test2" name="demo1" time="0.035"/>
  <testcase classname="distributedParallel.Test2" name="demo2" time="0.002"/>
  <testcase classname="distributedParallel.Test1" name="demo1" time="0.003"/>
  <testcase classname="distributedParallel.Test1" name="demo2" time="0.004"/>
</testsuite> <!-- Test runner1 -->
